<?xml version="1.0" encoding="UTF-8"?>
<testsuite xmlns:xsi="http://www.w3.org/2001/XMLSchema-instance" xsi:noNamespaceSchemaLocation="https://maven.apache.org/surefire/maven-surefire-plugin/xsd/surefire-test-report.xsd" name="Home page" time="107.113" tests="4" errors="0" skipped="0" failures="0">
  <properties>
[...]
</properties>
  <testcase name="login as a team lead" classname="Home page" time="43.206"/>
  <testcase name="login as a team member" classname="Home page" time="23.416"/>
  <testcase name="login as different members" classname="Home page" time="18.866"/>
  <testcase name="login as different members" classname="Home page" time="21.62"/>
</testsuite>