<?xml version="1.0" encoding="UTF-8"?>
<testsuite xmlns:xsi="http://www.w3.org/2001/XMLSchema-instance" xsi:noNamespaceSchemaLocation="https://maven.apache.org/surefire/maven-surefire-plugin/xsd/surefire-test-report.xsd" name="campus locations" time="322.403" tests="11" errors="1" skipped="0" failures="9">
  <properties>
[...]
</properties>
  <testcase name="VA - dark side" classname="campus locations" time="43.583"/>
  <testcase name="VA - light side" classname="campus locations" time="24.768">
    <failure message="expected:&lt;l[ight-side]&gt; but was:&lt;l[órien]&gt;" type="org.junit.ComparisonFailure"><![CDATA[org.junit.ComparisonFailure: expected:<l[ight-side]> but was:<l[órien]>
]]></failure>
    <system-out><![CDATA[I am setting up the test from the Hooks class!
I am opening the login page
User login with username: filieve85@amazon.de and password: francescagowing
I am reporting the results
Closing driver
]]></system-out>
    <system-err><![CDATA[[pool-1-thread-1] INFO io.github.bonigarcia.wdm.WebDriverManager - Using chromedriver 76.0.3809.68 (since Google Chrome 76 is installed in your machine)
[pool-1-thread-1] INFO io.github.bonigarcia.wdm.WebDriverManager - Exporting webdriver.chrome.driver as C:\Users\FARRUKH\.m2\repository\webdriver\chromedriver\win32\76.0.3809.68\chromedriver.exe
Starting ChromeDriver 76.0.3809.68 (420c9498db8ce8fcd190a954d51297672c1515d5-refs/branch-heads/3809@{#864}) on port 30203
Only local connections are allowed.
Please protect ports used by ChromeDriver and related test frameworks to prevent access by malicious code.
Aug 15, 2019 11:45:11 PM org.openqa.selenium.remote.ProtocolHandshake createSession
INFO: Detected dialect: W3C
]]></system-err>
  </testcase>
  <testcase name="Illinois" classname="campus locations" time="18.991">
    <failure message="expected:&lt;[il]&gt; but was:&lt;[lórien]&gt;" type="org.junit.ComparisonFailure"><![CDATA[org.junit.ComparisonFailure: expected:<[il]> but was:<[lórien]>
]]></failure>
    <system-out><![CDATA[I am setting up the test from the Hooks class!
I am opening the login page
User login with username: cdooheybw@biglobe.ne.jp and password: emilymoorcroft
I am reporting the results
Closing driver
]]></system-out>
    <system-err><![CDATA[[pool-1-thread-1] INFO io.github.bonigarcia.wdm.WebDriverManager - Using chromedriver 76.0.3809.68 (since Google Chrome 76 is installed in your machine)
[pool-1-thread-1] INFO io.github.bonigarcia.wdm.WebDriverManager - Exporting webdriver.chrome.driver as C:\Users\FARRUKH\.m2\repository\webdriver\chromedriver\win32\76.0.3809.68\chromedriver.exe
Starting ChromeDriver 76.0.3809.68 (420c9498db8ce8fcd190a954d51297672c1515d5-refs/branch-heads/3809@{#864}) on port 24426
Only local connections are allowed.
Please protect ports used by ChromeDriver and related test frameworks to prevent access by malicious code.
Aug 15, 2019 11:45:36 PM org.openqa.selenium.remote.ProtocolHandshake createSession
INFO: Detected dialect: W3C
]]></system-err>
  </testcase>
  <testcase name="Verify campus names" classname="campus locations" time="24.781">
    <failure message="expected:&lt;[dark-side]&gt; but was:&lt;[lórien]&gt;" type="org.junit.ComparisonFailure"><![CDATA[org.junit.ComparisonFailure: expected:<[dark-side]> but was:<[lórien]>
]]></failure>
    <system-out><![CDATA[I am setting up the test from the Hooks class!
I am opening the login page
I am opening the login page
User login with username: elaye8m@wikipedia.org and password: tabordullingham
I am reporting the results
Closing driver
]]></system-out>
    <system-err><![CDATA[[pool-1-thread-1] INFO io.github.bonigarcia.wdm.WebDriverManager - Using chromedriver 76.0.3809.68 (since Google Chrome 76 is installed in your machine)
[pool-1-thread-1] INFO io.github.bonigarcia.wdm.WebDriverManager - Exporting webdriver.chrome.driver as C:\Users\FARRUKH\.m2\repository\webdriver\chromedriver\win32\76.0.3809.68\chromedriver.exe
Starting ChromeDriver 76.0.3809.68 (420c9498db8ce8fcd190a954d51297672c1515d5-refs/branch-heads/3809@{#864}) on port 38814
Only local connections are allowed.
Please protect ports used by ChromeDriver and related test frameworks to prevent access by malicious code.
Aug 15, 2019 11:45:56 PM org.openqa.selenium.remote.ProtocolHandshake createSession
INFO: Detected dialect: W3C
]]></system-err>
  </testcase>
  <testcase name="Verify campus names" classname="campus locations" time="20.932">
    <failure message="expected:&lt;[dark-side]&gt; but was:&lt;[lórien]&gt;" type="org.junit.ComparisonFailure"><![CDATA[org.junit.ComparisonFailure: expected:<[dark-side]> but was:<[lórien]>
]]></failure>
    <system-out><![CDATA[I am setting up the test from the Hooks class!
I am opening the login page
I am opening the login page
User login with username: wfarrell8n@usnews.com and password: doniafisby
I am reporting the results
Closing driver
]]></system-out>
    <system-err><![CDATA[[pool-1-thread-1] INFO io.github.bonigarcia.wdm.WebDriverManager - Using chromedriver 76.0.3809.68 (since Google Chrome 76 is installed in your machine)
[pool-1-thread-1] INFO io.github.bonigarcia.wdm.WebDriverManager - Exporting webdriver.chrome.driver as C:\Users\FARRUKH\.m2\repository\webdriver\chromedriver\win32\76.0.3809.68\chromedriver.exe
Starting ChromeDriver 76.0.3809.68 (420c9498db8ce8fcd190a954d51297672c1515d5-refs/branch-heads/3809@{#864}) on port 38487
Only local connections are allowed.
Please protect ports used by ChromeDriver and related test frameworks to prevent access by malicious code.
Aug 15, 2019 11:46:20 PM org.openqa.selenium.remote.ProtocolHandshake createSession
INFO: Detected dialect: W3C
]]></system-err>
  </testcase>
  <testcase name="Verify campus names" classname="campus locations" time="71.863">
    <error message="Expected condition failed: waiting for text (&apos;map&apos;) to be present in element Proxy element for: DefaultElementLocator &apos;By.xpath: //h1[@class=&apos;title&apos; and contains(text(), &apos;map&apos;)]&apos; (tried for 15 second(s) with 500 milliseconds interval)" type="org.openqa.selenium.TimeoutException">org.openqa.selenium.TimeoutException: Expected condition failed: waiting for text ('map') to be present in element Proxy element for: DefaultElementLocator 'By.xpath: //h1[@class='title' and contains(text(), 'map')]' (tried for 15 second(s) with 500 milliseconds interval)
Caused by: org.openqa.selenium.NoSuchElementException: 
no such element: Unable to locate element: {"method":"xpath","selector":"//h1[@class='title' and contains(text(), 'map')]"}
  (Session info: chrome=76.0.3809.100)
For documentation on this error, please visit: https://www.seleniumhq.org/exceptions/no_such_element.html
Build info: version: '3.141.59', revision: 'e82be7d358', time: '2018-11-14T08:17:03'
System info: host: 'DESKTOP-PM9V0CS', ip: '192.168.0.6', os.name: 'Windows 10', os.arch: 'amd64', os.version: '10.0', java.version: '11.0.4'
Driver info: org.openqa.selenium.chrome.ChromeDriver
Capabilities {acceptInsecureCerts: false, browserName: chrome, browserVersion: 76.0.3809.100, chrome: {chromedriverVersion: 76.0.3809.68 (420c9498db8ce..., userDataDir: C:\Users\FARRUKH\AppData\Lo...}, goog:chromeOptions: {debuggerAddress: localhost:65328}, javascriptEnabled: true, networkConnectionEnabled: false, pageLoadStrategy: normal, platform: XP, platformName: XP, proxy: Proxy(), setWindowRect: true, strictFileInteractability: false, timeouts: {implicit: 0, pageLoad: 300000, script: 30000}, unhandledPromptBehavior: dismiss and notify}
Session ID: d622773e29ea625c453a0593f7ea6a4f
*** Element info: {Using=xpath, value=//h1[@class='title' and contains(text(), 'map')]}
</error>
    <system-out><![CDATA[I am setting up the test from the Hooks class!
I am opening the login page
I am opening the login page
User login with username: mnewbatt8o@utexas.edu and password: opalcave
I am reporting the results
Closing driver
]]></system-out>
    <system-err><![CDATA[[pool-1-thread-1] INFO io.github.bonigarcia.wdm.WebDriverManager - Using chromedriver 76.0.3809.68 (since Google Chrome 76 is installed in your machine)
[pool-1-thread-1] INFO io.github.bonigarcia.wdm.WebDriverManager - Exporting webdriver.chrome.driver as C:\Users\FARRUKH\.m2\repository\webdriver\chromedriver\win32\76.0.3809.68\chromedriver.exe
Starting ChromeDriver 76.0.3809.68 (420c9498db8ce8fcd190a954d51297672c1515d5-refs/branch-heads/3809@{#864}) on port 40240
Only local connections are allowed.
Please protect ports used by ChromeDriver and related test frameworks to prevent access by malicious code.
Aug 15, 2019 11:46:41 PM org.openqa.selenium.remote.ProtocolHandshake createSession
INFO: Detected dialect: W3C
]]></system-err>
  </testcase>
  <testcase name="Verify campus names" classname="campus locations" time="54.11">
    <failure message="expected:&lt;[dark-side]&gt; but was:&lt;[lórien]&gt;" type="org.junit.ComparisonFailure"><![CDATA[org.junit.ComparisonFailure: expected:<[dark-side]> but was:<[lórien]>
]]></failure>
    <system-out><![CDATA[I am setting up the test from the Hooks class!
I am opening the login page
I am opening the login page
User login with username: wamiss8p@businesswire.com and password: olagrills
I am reporting the results
Closing driver
]]></system-out>
    <system-err><![CDATA[[pool-1-thread-1] INFO io.github.bonigarcia.wdm.WebDriverManager - Using chromedriver 76.0.3809.68 (since Google Chrome 76 is installed in your machine)
[pool-1-thread-1] INFO io.github.bonigarcia.wdm.WebDriverManager - Exporting webdriver.chrome.driver as C:\Users\FARRUKH\.m2\repository\webdriver\chromedriver\win32\76.0.3809.68\chromedriver.exe
Starting ChromeDriver 76.0.3809.68 (420c9498db8ce8fcd190a954d51297672c1515d5-refs/branch-heads/3809@{#864}) on port 3607
Only local connections are allowed.
Please protect ports used by ChromeDriver and related test frameworks to prevent access by malicious code.
Aug 15, 2019 11:47:52 PM org.openqa.selenium.remote.ProtocolHandshake createSession
INFO: Detected dialect: W3C
]]></system-err>
  </testcase>
  <testcase name="Verify campus names" classname="campus locations" time="15.072">
    <failure message="expected:&lt;l[ight-side]&gt; but was:&lt;l[órien]&gt;" type="org.junit.ComparisonFailure"><![CDATA[org.junit.ComparisonFailure: expected:<l[ight-side]> but was:<l[órien]>
]]></failure>
    <system-out><![CDATA[I am setting up the test from the Hooks class!
I am opening the login page
I am opening the login page
User login with username: marblaster82@patch.com and password: rosanneloadman
I am reporting the results
Closing driver
]]></system-out>
    <system-err><![CDATA[[pool-1-thread-1] INFO io.github.bonigarcia.wdm.WebDriverManager - Using chromedriver 76.0.3809.68 (since Google Chrome 76 is installed in your machine)
[pool-1-thread-1] INFO io.github.bonigarcia.wdm.WebDriverManager - Exporting webdriver.chrome.driver as C:\Users\FARRUKH\.m2\repository\webdriver\chromedriver\win32\76.0.3809.68\chromedriver.exe
Starting ChromeDriver 76.0.3809.68 (420c9498db8ce8fcd190a954d51297672c1515d5-refs/branch-heads/3809@{#864}) on port 40049
Only local connections are allowed.
Please protect ports used by ChromeDriver and related test frameworks to prevent access by malicious code.
Aug 15, 2019 11:48:46 PM org.openqa.selenium.remote.ProtocolHandshake createSession
INFO: Detected dialect: W3C
]]></system-err>
  </testcase>
  <testcase name="Verify campus names" classname="campus locations" time="18.276">
    <failure message="expected:&lt;l[ight-side]&gt; but was:&lt;l[órien]&gt;" type="org.junit.ComparisonFailure"><![CDATA[org.junit.ComparisonFailure: expected:<l[ight-side]> but was:<l[órien]>
]]></failure>
    <system-out><![CDATA[I am setting up the test from the Hooks class!
I am opening the login page
I am opening the login page
User login with username: csummergill83@blinklist.com and password: edycaton
I am reporting the results
Closing driver
]]></system-out>
    <system-err><![CDATA[[pool-1-thread-1] INFO io.github.bonigarcia.wdm.WebDriverManager - Using chromedriver 76.0.3809.68 (since Google Chrome 76 is installed in your machine)
[pool-1-thread-1] INFO io.github.bonigarcia.wdm.WebDriverManager - Exporting webdriver.chrome.driver as C:\Users\FARRUKH\.m2\repository\webdriver\chromedriver\win32\76.0.3809.68\chromedriver.exe
Starting ChromeDriver 76.0.3809.68 (420c9498db8ce8fcd190a954d51297672c1515d5-refs/branch-heads/3809@{#864}) on port 30310
Only local connections are allowed.
Please protect ports used by ChromeDriver and related test frameworks to prevent access by malicious code.
Aug 15, 2019 11:49:02 PM org.openqa.selenium.remote.ProtocolHandshake createSession
INFO: Detected dialect: W3C
]]></system-err>
  </testcase>
  <testcase name="Verify campus names" classname="campus locations" time="14.628">
    <failure message="expected:&lt;l[ight-side]&gt; but was:&lt;l[órien]&gt;" type="org.junit.ComparisonFailure"><![CDATA[org.junit.ComparisonFailure: expected:<l[ight-side]> but was:<l[órien]>
]]></failure>
    <system-out><![CDATA[I am setting up the test from the Hooks class!
I am opening the login page
I am opening the login page
User login with username: strayford84@e-recht24.de and password: carlosmichie
I am reporting the results
Closing driver
]]></system-out>
    <system-err><![CDATA[[pool-1-thread-1] INFO io.github.bonigarcia.wdm.WebDriverManager - Using chromedriver 76.0.3809.68 (since Google Chrome 76 is installed in your machine)
[pool-1-thread-1] INFO io.github.bonigarcia.wdm.WebDriverManager - Exporting webdriver.chrome.driver as C:\Users\FARRUKH\.m2\repository\webdriver\chromedriver\win32\76.0.3809.68\chromedriver.exe
Starting ChromeDriver 76.0.3809.68 (420c9498db8ce8fcd190a954d51297672c1515d5-refs/branch-heads/3809@{#864}) on port 18660
Only local connections are allowed.
Please protect ports used by ChromeDriver and related test frameworks to prevent access by malicious code.
Aug 15, 2019 11:49:20 PM org.openqa.selenium.remote.ProtocolHandshake createSession
INFO: Detected dialect: W3C
]]></system-err>
  </testcase>
  <testcase name="Verify campus names" classname="campus locations" time="15.391">
    <failure message="expected:&lt;l[ight-side]&gt; but was:&lt;l[órien]&gt;" type="org.junit.ComparisonFailure"><![CDATA[org.junit.ComparisonFailure: expected:<l[ight-side]> but was:<l[órien]>
]]></failure>
    <system-out><![CDATA[I am setting up the test from the Hooks class!
I am opening the login page
I am opening the login page
User login with username: filieve85@amazon.de and password: francescagowing
I am reporting the results
Closing driver
]]></system-out>
    <system-err><![CDATA[[pool-1-thread-1] INFO io.github.bonigarcia.wdm.WebDriverManager - Using chromedriver 76.0.3809.68 (since Google Chrome 76 is installed in your machine)
[pool-1-thread-1] INFO io.github.bonigarcia.wdm.WebDriverManager - Exporting webdriver.chrome.driver as C:\Users\FARRUKH\.m2\repository\webdriver\chromedriver\win32\76.0.3809.68\chromedriver.exe
Starting ChromeDriver 76.0.3809.68 (420c9498db8ce8fcd190a954d51297672c1515d5-refs/branch-heads/3809@{#864}) on port 37550
Only local connections are allowed.
Please protect ports used by ChromeDriver and related test frameworks to prevent access by malicious code.
Aug 15, 2019 11:49:35 PM org.openqa.selenium.remote.ProtocolHandshake createSession
INFO: Detected dialect: W3C
]]></system-err>
  </testcase>
</testsuite>