<?xml version="1.0" encoding="UTF-8"?>
<testsuite xmlns:xsi="http://www.w3.org/2001/XMLSchema-instance" xsi:noNamespaceSchemaLocation="https://maven.apache.org/surefire/maven-surefire-plugin/xsd/surefire-test-report.xsd" name="Map page details" time="143.773" tests="3" errors="2" skipped="0" failures="0">
  <properties>
[...]
</properties>
  <testcase name="Light side room" classname="Map page details" time="17.208"/>
  <testcase name="Light side all rooms" classname="Map page details" time="55.742">
    <error message="Expected condition failed: waiting for text (&apos;map&apos;) to be present in element Proxy element for: DefaultElementLocator &apos;By.xpath: //h1[@class=&apos;title&apos; and contains(text(), &apos;map&apos;)]&apos; (tried for 15 second(s) with 500 milliseconds interval)" type="org.openqa.selenium.TimeoutException">org.openqa.selenium.TimeoutException: Expected condition failed: waiting for text ('map') to be present in element Proxy element for: DefaultElementLocator 'By.xpath: //h1[@class='title' and contains(text(), 'map')]' (tried for 15 second(s) with 500 milliseconds interval)
Caused by: org.openqa.selenium.NoSuchElementException: 
no such element: Unable to locate element: {"method":"xpath","selector":"//h1[@class='title' and contains(text(), 'map')]"}
  (Session info: chrome=76.0.3809.100)
For documentation on this error, please visit: https://www.seleniumhq.org/exceptions/no_such_element.html
Build info: version: '3.141.59', revision: 'e82be7d358', time: '2018-11-14T08:17:03'
System info: host: 'DESKTOP-PM9V0CS', ip: '192.168.0.6', os.name: 'Windows 10', os.arch: 'amd64', os.version: '10.0', java.version: '11.0.4'
Driver info: org.openqa.selenium.chrome.ChromeDriver
Capabilities {acceptInsecureCerts: false, browserName: chrome, browserVersion: 76.0.3809.100, chrome: {chromedriverVersion: 76.0.3809.68 (420c9498db8ce..., userDataDir: C:\Users\FARRUKH\AppData\Lo...}, goog:chromeOptions: {debuggerAddress: localhost:65272}, javascriptEnabled: true, networkConnectionEnabled: false, pageLoadStrategy: normal, platform: XP, platformName: XP, proxy: Proxy(), setWindowRect: true, strictFileInteractability: false, timeouts: {implicit: 0, pageLoad: 300000, script: 30000}, unhandledPromptBehavior: dismiss and notify}
Session ID: 55fcfd2b533fdc69de6217c02432aa23
*** Element info: {Using=xpath, value=//h1[@class='title' and contains(text(), 'map')]}
</error>
    <system-out><![CDATA[I am setting up the test from the Hooks class!
I am opening the login page
User login with username: strayford84@e-recht24.de and password: carlosmichie
I am reporting the results
Closing driver
]]></system-out>
    <system-err><![CDATA[[pool-1-thread-1] INFO io.github.bonigarcia.wdm.WebDriverManager - Using chromedriver 76.0.3809.68 (since Google Chrome 76 is installed in your machine)
[pool-1-thread-1] INFO io.github.bonigarcia.wdm.WebDriverManager - Exporting webdriver.chrome.driver as C:\Users\FARRUKH\.m2\repository\webdriver\chromedriver\win32\76.0.3809.68\chromedriver.exe
Starting ChromeDriver 76.0.3809.68 (420c9498db8ce8fcd190a954d51297672c1515d5-refs/branch-heads/3809@{#864}) on port 25645
Only local connections are allowed.
Please protect ports used by ChromeDriver and related test frameworks to prevent access by malicious code.
Aug 15, 2019 11:46:34 PM org.openqa.selenium.remote.ProtocolHandshake createSession
INFO: Detected dialect: W3C
]]></system-err>
  </testcase>
  <testcase name="Team member test" classname="Map page details" time="70.819">
    <error message="Expected condition failed: waiting for text (&apos;map&apos;) to be present in element Proxy element for: DefaultElementLocator &apos;By.xpath: //h1[@class=&apos;title&apos; and contains(text(), &apos;map&apos;)]&apos; (tried for 15 second(s) with 500 milliseconds interval)" type="org.openqa.selenium.TimeoutException">org.openqa.selenium.TimeoutException: Expected condition failed: waiting for text ('map') to be present in element Proxy element for: DefaultElementLocator 'By.xpath: //h1[@class='title' and contains(text(), 'map')]' (tried for 15 second(s) with 500 milliseconds interval)
Caused by: org.openqa.selenium.NoSuchElementException: 
no such element: Unable to locate element: {"method":"xpath","selector":"//h1[@class='title' and contains(text(), 'map')]"}
  (Session info: chrome=76.0.3809.100)
For documentation on this error, please visit: https://www.seleniumhq.org/exceptions/no_such_element.html
Build info: version: '3.141.59', revision: 'e82be7d358', time: '2018-11-14T08:17:03'
System info: host: 'DESKTOP-PM9V0CS', ip: '192.168.0.6', os.name: 'Windows 10', os.arch: 'amd64', os.version: '10.0', java.version: '11.0.4'
Driver info: org.openqa.selenium.chrome.ChromeDriver
Capabilities {acceptInsecureCerts: false, browserName: chrome, browserVersion: 76.0.3809.100, chrome: {chromedriverVersion: 76.0.3809.68 (420c9498db8ce..., userDataDir: C:\Users\FARRUKH\AppData\Lo...}, goog:chromeOptions: {debuggerAddress: localhost:65467}, javascriptEnabled: true, networkConnectionEnabled: false, pageLoadStrategy: normal, platform: XP, platformName: XP, proxy: Proxy(), setWindowRect: true, strictFileInteractability: false, timeouts: {implicit: 0, pageLoad: 300000, script: 30000}, unhandledPromptBehavior: dismiss and notify}
Session ID: 2fdd19dbea022a6cf1f141265b835f3d
*** Element info: {Using=xpath, value=//h1[@class='title' and contains(text(), 'map')]}
</error>
    <system-out><![CDATA[I am setting up the test from the Hooks class!
I am opening the login page
User login with username: strayford84@e-recht24.de and password: carlosmichie
I am reporting the results
Closing driver
]]></system-out>
    <system-err><![CDATA[[pool-1-thread-1] INFO io.github.bonigarcia.wdm.WebDriverManager - Using chromedriver 76.0.3809.68 (since Google Chrome 76 is installed in your machine)
[pool-1-thread-1] INFO io.github.bonigarcia.wdm.WebDriverManager - Exporting webdriver.chrome.driver as C:\Users\FARRUKH\.m2\repository\webdriver\chromedriver\win32\76.0.3809.68\chromedriver.exe
Starting ChromeDriver 76.0.3809.68 (420c9498db8ce8fcd190a954d51297672c1515d5-refs/branch-heads/3809@{#864}) on port 19532
Only local connections are allowed.
Please protect ports used by ChromeDriver and related test frameworks to prevent access by malicious code.
Aug 15, 2019 11:47:29 PM org.openqa.selenium.remote.ProtocolHandshake createSession
INFO: Detected dialect: W3C
]]></system-err>
  </testcase>
</testsuite>